TN:
SF:src/app.ts
FN:11,(anonymous_0)
FN:20,(anonymous_1)
FN:25,(anonymous_2)
FN:29,(anonymous_3)
FN:30,(anonymous_4)
FN:35,(anonymous_5)
FN:40,(anonymous_6)
FN:41,(anonymous_7)
FN:46,(anonymous_8)
FNF:9
FNH:7
FNDA:7,(anonymous_0)
FNDA:7,(anonymous_1)
FNDA:7,(anonymous_2)
FNDA:7,(anonymous_3)
FNDA:7,(anonymous_4)
FNDA:7,(anonymous_5)
FNDA:0,(anonymous_6)
FNDA:0,(anonymous_7)
FNDA:7,(anonymous_8)
DA:1,1
DA:2,1
DA:3,1
DA:4,1
DA:6,1
DA:12,7
DA:14,7
DA:15,7
DA:16,7
DA:17,7
DA:21,7
DA:22,7
DA:26,7
DA:30,7
DA:31,7
DA:36,7
DA:37,7
DA:41,0
DA:42,0
DA:47,7
DA:51,1
LF:21
LH:19
BRDA:37,0,0,7
BRDA:37,0,1,7
BRDA:41,1,0,0
BRDA:41,1,1,0
BRDA:42,2,0,0
BRDA:42,2,1,0
BRF:6
BRH:2
end_of_record
TN:
SF:src/exceptions/HttpException.ts
FN:4,(anonymous_0)
FNF:1
FNH:1
FNDA:2,(anonymous_0)
DA:5,2
DA:6,2
DA:7,2
DA:11,1
LF:4
LH:4
BRF:0
BRH:0
end_of_record
TN:
SF:src/exceptions/StudentNotFoundException.ts
FN:4,(anonymous_0)
FNF:1
FNH:1
FNDA:1,(anonymous_0)
DA:1,1
DA:5,1
DA:9,1
LF:3
LH:3
BRF:0
BRH:0
end_of_record
TN:
SF:src/middleware/error.middleware.ts
FN:4,errorMiddleware
FNF:1
FNH:1
FNDA:2,errorMiddleware
DA:10,2
DA:11,2
DA:12,2
DA:18,1
LF:4
LH:4
BRDA:10,0,0,2
BRDA:10,0,1,0
BRDA:11,1,0,2
BRDA:11,1,1,0
BRF:4
BRH:2
end_of_record
TN:
SF:src/middleware/validation.middleware.ts
FN:6,validationMiddleware
FN:10,(anonymous_1)
FN:12,(anonymous_2)
FN:15,(anonymous_3)
FNF:4
FNH:4
FNDA:14,validationMiddleware
FNDA:3,(anonymous_1)
FNDA:3,(anonymous_2)
FNDA:1,(anonymous_3)
DA:1,1
DA:2,1
DA:4,1
DA:10,14
DA:11,3
DA:13,3
DA:14,1
DA:15,1
DA:17,1
DA:19,2
DA:25,1
LF:11
LH:11
BRDA:8,0,0,7
BRDA:13,1,0,1
BRDA:13,1,1,2
BRF:3
BRH:3
end_of_record
TN:
SF:src/student/student.controller.ts
FN:15,(anonymous_0)
FN:35,(anonymous_1)
FN:43,(anonymous_2)
FN:54,(anonymous_3)
FN:66,(anonymous_4)
FN:72,(anonymous_5)
FN:19,(anonymous_6)
FNF:7
FNH:7
FNDA:7,(anonymous_0)
FNDA:1,(anonymous_1)
FNDA:2,(anonymous_2)
FNDA:1,(anonymous_3)
FNDA:1,(anonymous_4)
FNDA:1,(anonymous_5)
FNDA:7,(anonymous_6)
DA:1,1
DA:3,1
DA:5,1
DA:6,1
DA:8,1
DA:11,7
DA:12,7
DA:13,7
DA:16,7
DA:20,7
DA:21,7
DA:22,7
DA:27,7
DA:28,7
DA:35,7
DA:36,1
DA:38,1
DA:39,1
DA:40,1
DA:43,7
DA:48,2
DA:49,2
DA:50,2
DA:51,1
DA:54,7
DA:59,1
DA:60,1
DA:61,1
DA:62,1
DA:63,0
DA:66,7
DA:67,1
DA:68,1
DA:69,1
DA:72,7
DA:77,1
DA:78,1
DA:79,1
DA:80,0
DA:84,1
LF:40
LH:38
BRDA:38,0,0,0
BRDA:38,0,1,1
BRDA:50,1,0,1
BRDA:50,1,1,1
BRDA:62,2,0,1
BRDA:62,2,1,0
BRDA:79,3,0,1
BRDA:79,3,1,0
BRF:8
BRH:5
end_of_record
TN:
SF:src/student/student.dto.ts
FNF:0
FNH:0
DA:1,1
DA:5,1
DA:8,1
DA:11,1
DA:14,1
LF:5
LH:5
BRF:0
BRH:0
end_of_record
TN:
SF:src/student/student.model.ts
FNF:0
FNH:0
DA:1,2
DA:4,2
DA:10,2
DA:15,2
LF:4
LH:4
BRF:0
BRH:0
end_of_record
TN:
SF:src/student/student.service.ts
FN:4,(anonymous_0)
FN:7,(anonymous_1)
FN:11,(anonymous_2)
FN:15,(anonymous_3)
FN:23,(anonymous_4)
FN:30,(anonymous_5)
FN:35,(anonymous_6)
FNF:7
FNH:7
FNDA:8,(anonymous_0)
FNDA:2,(anonymous_1)
FNDA:3,(anonymous_2)
FNDA:1,(anonymous_3)
FNDA:2,(anonymous_4)
FNDA:2,(anonymous_5)
FNDA:2,(anonymous_6)
DA:1,2
DA:5,8
DA:7,8
DA:8,2
DA:11,8
DA:12,3
DA:15,8
DA:16,1
DA:23,8
DA:24,2
DA:27,2
DA:30,8
DA:31,2
DA:32,2
DA:35,8
DA:36,2
DA:40,2
LF:17
LH:17
BRF:0
BRH:0
end_of_record
